# JRE version: Java(TM) SE Runtime Environment (8.0_241-b07) (build 1.8.0_241-b07)
# Java VM: Java HotSpot(TM) 64-Bit Server VM (25.241-b07 mixed mode windows-amd64 compressed oops)
Heap:
 PSYoungGen      total 238592K, used 159656K [0x00000000d5c00000, 0x00000000e5880000, 0x0000000100000000)
  eden space 229376K, 69% used [0x00000000d5c00000,0x00000000df7ea098,0x00000000e3c00000)
  from space 9216K, 0% used [0x00000000e4f80000,0x00000000e4f80000,0x00000000e5880000)
  to   space 13824K, 0% used [0x00000000e3d80000,0x00000000e3d80000,0x00000000e4b00000)
 ParOldGen       total 73728K, used 13701K [0x0000000081400000, 0x0000000085c00000, 0x00000000d5c00000)
  object space 73728K, 18% used [0x0000000081400000,0x00000000821617d8,0x0000000085c00000)
 Metaspace       used 51523K, capacity 53650K, committed 53888K, reserved 1095680K
  class space    used 7121K, capacity 7488K, committed 7552K, reserved 1048576K
GC Heap History (10 events):
Event: 1.570 GC heap before
{Heap before GC invocations=4 (full 0):
 PSYoungGen      total 71680K, used 43749K [0x00000000d5c00000, 0x00000000de800000, 0x0000000100000000)
  eden space 66560K, 58% used [0x00000000d5c00000,0x00000000d81bf238,0x00000000d9d00000)
  from space 5120K, 99% used [0x00000000d9d00000,0x00000000da1fa5b0,0x00000000da200000)
  to   space 5120K, 0% used [0x00000000de300000,0x00000000de300000,0x00000000de800000)
 ParOldGen       total 87552K, used 6301K [0x0000000081400000, 0x0000000086980000, 0x00000000d5c00000)
  object space 87552K, 7% used [0x0000000081400000,0x0000000081a27668,0x0000000086980000)
 Metaspace       used 20545K, capacity 21184K, committed 21296K, reserved 1067008K
  class space    used 2698K, capacity 2871K, committed 2944K, reserved 1048576K
Event: 1.574 GC heap after
Heap after GC invocations=4 (full 0):
 PSYoungGen      total 138240K, used 5116K [0x00000000d5c00000, 0x00000000de800000, 0x0000000100000000)
  eden space 133120K, 0% used [0x00000000d5c00000,0x00000000d5c00000,0x00000000dde00000)
  from space 5120K, 99% used [0x00000000de300000,0x00000000de7ff058,0x00000000de800000)
  to   space 5120K, 0% used [0x00000000dde00000,0x00000000dde00000,0x00000000de300000)
 ParOldGen       total 87552K, used 6364K [0x0000000081400000, 0x0000000086980000, 0x00000000d5c00000)
  object space 87552K, 7% used [0x0000000081400000,0x0000000081a372c0,0x0000000086980000)
 Metaspace       used 20545K, capacity 21184K, committed 21296K, reserved 1067008K
  class space    used 2698K, capacity 2871K, committed 2944K, reserved 1048576K
}
Event: 1.575 GC heap before
{Heap before GC invocations=5 (full 1):
 PSYoungGen      total 138240K, used 5116K [0x00000000d5c00000, 0x00000000de800000, 0x0000000100000000)
  eden space 133120K, 0% used [0x00000000d5c00000,0x00000000d5c00000,0x00000000dde00000)
  from space 5120K, 99% used [0x00000000de300000,0x00000000de7ff058,0x00000000de800000)
  to   space 5120K, 0% used [0x00000000dde00000,0x00000000dde00000,0x00000000de300000)
 ParOldGen       total 87552K, used 6364K [0x0000000081400000, 0x0000000086980000, 0x00000000d5c00000)
  object space 87552K, 7% used [0x0000000081400000,0x0000000081a372c0,0x0000000086980000)
 Metaspace       used 20545K, capacity 21184K, committed 21296K, reserved 1067008K
  class space    used 2698K, capacity 2871K, committed 2944K, reserved 1048576K
Event: 1.599 GC heap after
Heap after GC invocations=5 (full 1):
 PSYoungGen      total 138240K, used 0K [0x00000000d5c00000, 0x00000000de800000, 0x0000000100000000)
  eden space 133120K, 0% used [0x00000000d5c00000,0x00000000d5c00000,0x00000000dde00000)
  from space 5120K, 0% used [0x00000000de300000,0x00000000de300000,0x00000000de800000)
  to   space 5120K, 0% used [0x00000000dde00000,0x00000000dde00000,0x00000000de300000)
 ParOldGen       total 51200K, used 5019K [0x0000000081400000, 0x0000000084600000, 0x00000000d5c00000)
  object space 51200K, 9% used [0x0000000081400000,0x00000000818e6cf0,0x0000000084600000)
 Metaspace       used 20543K, capacity 21178K, committed 21296K, reserved 1067008K
  class space    used 2698K, capacity 2870K, committed 2944K, reserved 1048576K
}
Event: 3.660 GC heap before
{Heap before GC invocations=6 (full 1):
 PSYoungGen      total 138240K, used 133066K [0x00000000d5c00000, 0x00000000de800000, 0x0000000100000000)
  eden space 133120K, 99% used [0x00000000d5c00000,0x00000000dddf2b18,0x00000000dde00000)
  from space 5120K, 0% used [0x00000000de300000,0x00000000de300000,0x00000000de800000)
  to   space 5120K, 0% used [0x00000000dde00000,0x00000000dde00000,0x00000000de300000)
 ParOldGen       total 51200K, used 5019K [0x0000000081400000, 0x0000000084600000, 0x00000000d5c00000)
  object space 51200K, 9% used [0x0000000081400000,0x00000000818e6cf0,0x0000000084600000)
 Metaspace       used 29345K, capacity 30786K, committed 31104K, reserved 1077248K
  class space    used 3860K, capacity 4142K, committed 4224K, reserved 1048576K
Event: 3.677 GC heap after
Heap after GC invocations=6 (full 1):
 PSYoungGen      total 138240K, used 5098K [0x00000000d5c00000, 0x00000000e5d80000, 0x0000000100000000)
  eden space 133120K, 0% used [0x00000000d5c00000,0x00000000d5c00000,0x00000000dde00000)
  from space 5120K, 99% used [0x00000000dde00000,0x00000000de2fa8e0,0x00000000de300000)
  to   space 14336K, 0% used [0x00000000e4f80000,0x00000000e4f80000,0x00000000e5d80000)
 ParOldGen       total 51200K, used 12077K [0x0000000081400000, 0x0000000084600000, 0x00000000d5c00000)
  object space 51200K, 23% used [0x0000000081400000,0x0000000081fcb510,0x0000000084600000)
 Metaspace       used 29345K, capacity 30786K, committed 31104K, reserved 1077248K
  class space    used 3860K, capacity 4142K, committed 4224K, reserved 1048576K
}
Event: 4.501 GC heap before
{Heap before GC invocations=7 (full 1):
 PSYoungGen      total 138240K, used 46434K [0x00000000d5c00000, 0x00000000e5d80000, 0x0000000100000000)
  eden space 133120K, 31% used [0x00000000d5c00000,0x00000000d845df88,0x00000000dde00000)
  from space 5120K, 99% used [0x00000000dde00000,0x00000000de2fa8e0,0x00000000de300000)
  to   space 14336K, 0% used [0x00000000e4f80000,0x00000000e4f80000,0x00000000e5d80000)
 ParOldGen       total 51200K, used 12077K [0x0000000081400000, 0x0000000084600000, 0x00000000d5c00000)
  object space 51200K, 23% used [0x0000000081400000,0x0000000081fcb510,0x0000000084600000)
 Metaspace       used 33838K, capacity 35376K, committed 35496K, reserved 1079296K
  class space    used 4483K, capacity 4779K, committed 4864K, reserved 1048576K
Event: 4.509 GC heap after
Heap after GC invocations=7 (full 1):
 PSYoungGen      total 238592K, used 9208K [0x00000000d5c00000, 0x00000000e5880000, 0x0000000100000000)
  eden space 229376K, 0% used [0x00000000d5c00000,0x00000000d5c00000,0x00000000e3c00000)
  from space 9216K, 99% used [0x00000000e4f80000,0x00000000e587e220,0x00000000e5880000)
  to   space 13824K, 0% used [0x00000000e3d80000,0x00000000e3d80000,0x00000000e4b00000)
 ParOldGen       total 51200K, used 12085K [0x0000000081400000, 0x0000000084600000, 0x00000000d5c00000)
  object space 51200K, 23% used [0x0000000081400000,0x0000000081fcd510,0x0000000084600000)
 Metaspace       used 33838K, capacity 35376K, committed 35496K, reserved 1079296K
  class space    used 4483K, capacity 4779K, committed 4864K, reserved 1048576K
}
Event: 4.509 GC heap before
{Heap before GC invocations=8 (full 2):
 PSYoungGen      total 238592K, used 9208K [0x00000000d5c00000, 0x00000000e5880000, 0x0000000100000000)
  eden space 229376K, 0% used [0x00000000d5c00000,0x00000000d5c00000,0x00000000e3c00000)
  from space 9216K, 99% used [0x00000000e4f80000,0x00000000e587e220,0x00000000e5880000)
  to   space 13824K, 0% used [0x00000000e3d80000,0x00000000e3d80000,0x00000000e4b00000)
 ParOldGen       total 51200K, used 12085K [0x0000000081400000, 0x0000000084600000, 0x00000000d5c00000)
  object space 51200K, 23% used [0x0000000081400000,0x0000000081fcd510,0x0000000084600000)
 Metaspace       used 33838K, capacity 35376K, committed 35496K, reserved 1079296K
  class space    used 4483K, capacity 4779K, committed 4864K, reserved 1048576K
Event: 4.554 GC heap after
Heap after GC invocations=8 (full 2):
 PSYoungGen      total 238592K, used 0K [0x00000000d5c00000, 0x00000000e5880000, 0x0000000100000000)
  eden space 229376K, 0% used [0x00000000d5c00000,0x00000000d5c00000,0x00000000e3c00000)
  from space 9216K, 0% used [0x00000000e4f80000,0x00000000e4f80000,0x00000000e5880000)
  to   space 13824K, 0% used [0x00000000e3d80000,0x00000000e3d80000,0x00000000e4b00000)
 ParOldGen       total 73728K, used 13701K [0x0000000081400000, 0x0000000085c00000, 0x00000000d5c00000)
  object space 73728K, 18% used [0x0000000081400000,0x00000000821617d8,0x0000000085c00000)
 Metaspace       used 33838K, capacity 35376K, committed 35496K, reserved 1079296K
  class space    used 4483K, capacity 4779K, committed 4864K, reserved 1048576K
}

