GC Heap History (10 events):
Event: 4.252 GC heap before
{Heap before GC invocations=7 (full 1):
 PSYoungGen      total 71680K, used 71671K [0x00000000d5c00000, 0x00000000dd080000, 0x0000000100000000)
  eden space 66560K, 100% used [0x00000000d5c00000,0x00000000d9d00000,0x00000000d9d00000)
  from space 5120K, 99% used [0x00000000d9d00000,0x00000000da1fdf40,0x00000000da200000)
  to   space 9216K, 0% used [0x00000000dc780000,0x00000000dc780000,0x00000000dd080000)
 ParOldGen       total 60416K, used 9036K [0x0000000081400000, 0x0000000084f00000, 0x00000000d5c00000)
  object space 60416K, 14% used [0x0000000081400000,0x0000000081cd3380,0x0000000084f00000)
 Metaspace       used 28027K, capacity 29082K, committed 29312K, reserved 1075200K
  class space    used 3657K, capacity 3884K, committed 3968K, reserved 1048576K
Event: 4.260 GC heap after
Heap after GC invocations=7 (full 1):
 PSYoungGen      total 109056K, used 8930K [0x00000000d5c00000, 0x00000000dd180000, 0x0000000100000000)
  eden space 99840K, 0% used [0x00000000d5c00000,0x00000000d5c00000,0x00000000dbd80000)
  from space 9216K, 96% used [0x00000000dc780000,0x00000000dd038bc8,0x00000000dd080000)
  to   space 10240K, 0% used [0x00000000dbd80000,0x00000000dbd80000,0x00000000dc780000)
 ParOldGen       total 60416K, used 9044K [0x0000000081400000, 0x0000000084f00000, 0x00000000d5c00000)
  object space 60416K, 14% used [0x0000000081400000,0x0000000081cd5380,0x0000000084f00000)
 Metaspace       used 28027K, capacity 29082K, committed 29312K, reserved 1075200K
  class space    used 3657K, capacity 3884K, committed 3968K, reserved 1048576K
}
Event: 5.748 GC heap before
{Heap before GC invocations=8 (full 1):
 PSYoungGen      total 109056K, used 81685K [0x00000000d5c00000, 0x00000000dd180000, 0x0000000100000000)
  eden space 99840K, 72% used [0x00000000d5c00000,0x00000000da30cc10,0x00000000dbd80000)
  from space 9216K, 96% used [0x00000000dc780000,0x00000000dd038bc8,0x00000000dd080000)
  to   space 10240K, 0% used [0x00000000dbd80000,0x00000000dbd80000,0x00000000dc780000)
 ParOldGen       total 60416K, used 9044K [0x0000000081400000, 0x0000000084f00000, 0x00000000d5c00000)
  object space 60416K, 14% used [0x0000000081400000,0x0000000081cd5380,0x0000000084f00000)
 Metaspace       used 33806K, capacity 35422K, committed 35496K, reserved 1079296K
  class space    used 4461K, capacity 4764K, committed 4776K, reserved 1048576K
Event: 5.780 GC heap after
Heap after GC invocations=8 (full 1):
 PSYoungGen      total 110080K, used 10225K [0x00000000d5c00000, 0x00000000e0a00000, 0x0000000100000000)
  eden space 99840K, 0% used [0x00000000d5c00000,0x00000000d5c00000,0x00000000dbd80000)
  from space 10240K, 99% used [0x00000000dbd80000,0x00000000dc77c5d0,0x00000000dc780000)
  to   space 12288K, 0% used [0x00000000dfe00000,0x00000000dfe00000,0x00000000e0a00000)
 ParOldGen       total 60416K, used 10874K [0x0000000081400000, 0x0000000084f00000, 0x00000000d5c00000)
  object space 60416K, 17% used [0x0000000081400000,0x0000000081e9e820,0x0000000084f00000)
 Metaspace       used 33806K, capacity 35422K, committed 35496K, reserved 1079296K
  class space    used 4461K, capacity 4764K, committed 4776K, reserved 1048576K
}
Event: 5.780 GC heap before
{Heap before GC invocations=9 (full 2):
 PSYoungGen      total 110080K, used 10225K [0x00000000d5c00000, 0x00000000e0a00000, 0x0000000100000000)
  eden space 99840K, 0% used [0x00000000d5c00000,0x00000000d5c00000,0x00000000dbd80000)
  from space 10240K, 99% used [0x00000000dbd80000,0x00000000dc77c5d0,0x00000000dc780000)
  to   space 12288K, 0% used [0x00000000dfe00000,0x00000000dfe00000,0x00000000e0a00000)
 ParOldGen       total 60416K, used 10874K [0x0000000081400000, 0x0000000084f00000, 0x00000000d5c00000)
  object space 60416K, 17% used [0x0000000081400000,0x0000000081e9e820,0x0000000084f00000)
 Metaspace       used 33806K, capacity 35422K, committed 35496K, reserved 1079296K
  class space    used 4461K, capacity 4764K, committed 4776K, reserved 1048576K
Event: 5.863 GC heap after
Heap after GC invocations=9 (full 2):
 PSYoungGen      total 110080K, used 0K [0x00000000d5c00000, 0x00000000e0a00000, 0x0000000100000000)
  eden space 99840K, 0% used [0x00000000d5c00000,0x00000000d5c00000,0x00000000dbd80000)
  from space 10240K, 0% used [0x00000000dbd80000,0x00000000dbd80000,0x00000000dc780000)
  to   space 12288K, 0% used [0x00000000dfe00000,0x00000000dfe00000,0x00000000e0a00000)
 ParOldGen       total 95744K, used 15863K [0x0000000081400000, 0x0000000087180000, 0x00000000d5c00000)
  object space 95744K, 16% used [0x0000000081400000,0x000000008237dca0,0x0000000087180000)
 Metaspace       used 33806K, capacity 35422K, committed 35496K, reserved 1079296K
  class space    used 4461K, capacity 4764K, committed 4776K, reserved 1048576K
}
Event: 7.243 GC heap before
{Heap before GC invocations=10 (full 2):
 PSYoungGen      total 110080K, used 99840K [0x00000000d5c00000, 0x00000000e0a00000, 0x0000000100000000)
  eden space 99840K, 100% used [0x00000000d5c00000,0x00000000dbd80000,0x00000000dbd80000)
  from space 10240K, 0% used [0x00000000dbd80000,0x00000000dbd80000,0x00000000dc780000)
  to   space 12288K, 0% used [0x00000000dfe00000,0x00000000dfe00000,0x00000000e0a00000)
 ParOldGen       total 95744K, used 15863K [0x0000000081400000, 0x0000000087180000, 0x00000000d5c00000)
  object space 95744K, 16% used [0x0000000081400000,0x000000008237dca0,0x0000000087180000)
 Metaspace       used 38947K, capacity 40860K, committed 41256K, reserved 1085440K
  class space    used 5230K, capacity 5603K, committed 5672K, reserved 1048576K
Event: 7.258 GC heap after
Heap after GC invocations=10 (full 2):
 PSYoungGen      total 152064K, used 8741K [0x00000000d5c00000, 0x00000000e0700000, 0x0000000100000000)
  eden space 142848K, 0% used [0x00000000d5c00000,0x00000000d5c00000,0x00000000de780000)
  from space 9216K, 94% used [0x00000000dfe00000,0x00000000e0689500,0x00000000e0700000)
  to   space 12288K, 0% used [0x00000000def00000,0x00000000def00000,0x00000000dfb00000)
 ParOldGen       total 95744K, used 15871K [0x0000000081400000, 0x0000000087180000, 0x00000000d5c00000)
  object space 95744K, 16% used [0x0000000081400000,0x000000008237fca0,0x0000000087180000)
 Metaspace       used 38947K, capacity 40860K, committed 41256K, reserved 1085440K
  class space    used 5230K, capacity 5603K, committed 5672K, reserved 1048576K
}
Event: 10.112 GC heap before
{Heap before GC invocations=11 (full 2):
 PSYoungGen      total 152064K, used 151589K [0x00000000d5c00000, 0x00000000e0700000, 0x0000000100000000)
  eden space 142848K, 100% used [0x00000000d5c00000,0x00000000de780000,0x00000000de780000)
  from space 9216K, 94% used [0x00000000dfe00000,0x00000000e0689500,0x00000000e0700000)
  to   space 12288K, 0% used [0x00000000def00000,0x00000000def00000,0x00000000dfb00000)
 ParOldGen       total 95744K, used 15871K [0x0000000081400000, 0x0000000087180000, 0x00000000d5c00000)
  object space 95744K, 16% used [0x0000000081400000,0x000000008237fca0,0x0000000087180000)
 Metaspace       used 49212K, capacity 51578K, committed 51752K, reserved 1093632K
  class space    used 6760K, capacity 7186K, committed 7208K, reserved 1048576K
Event: 10.137 GC heap after
Heap after GC invocations=11 (full 2):
 PSYoungGen      total 162816K, used 12271K [0x00000000d5c00000, 0x00000000e2800000, 0x0000000100000000)
  eden space 150528K, 0% used [0x00000000d5c00000,0x00000000d5c00000,0x00000000def00000)
  from space 12288K, 99% used [0x00000000def00000,0x00000000dfafbce0,0x00000000dfb00000)
  to   space 15360K, 0% used [0x00000000e1900000,0x00000000e1900000,0x00000000e2800000)
 ParOldGen       total 95744K, used 20396K [0x0000000081400000, 0x0000000087180000, 0x00000000d5c00000)
  object space 95744K, 21% used [0x0000000081400000,0x00000000827eb160,0x0000000087180000)
 Metaspace       used 49212K, capacity 51578K, committed 51752K, reserved 1093632K
  class space    used 6760K, capacity 7186K, committed 7208K, reserved 1048576K
}

