# JRE version: Java(TM) SE Runtime Environment (8.0_241-b07) (build 1.8.0_241-b07)
# Java VM: Java HotSpot(TM) 64-Bit Server VM (25.241-b07 mixed mode windows-amd64 compressed oops)
Heap:
 PSYoungGen      total 210432K, used 38236K [0x00000000d5c00000, 0x00000000e4280000, 0x0000000100000000)
  eden space 198656K, 13% used [0x00000000d5c00000,0x00000000d75d83c8,0x00000000e1e00000)
  from space 11776K, 99% used [0x00000000e2e00000,0x00000000e397edb0,0x00000000e3980000)
  to   space 16384K, 0% used [0x00000000e1e00000,0x00000000e1e00000,0x00000000e2e00000)
 ParOldGen       total 75776K, used 23135K [0x0000000081400000, 0x0000000085e00000, 0x00000000d5c00000)
  object space 75776K, 30% used [0x0000000081400000,0x0000000082a97f08,0x0000000085e00000)
 Metaspace       used 51583K, capacity 53714K, committed 53888K, reserved 1095680K
  class space    used 7122K, capacity 7488K, committed 7552K, reserved 1048576K
GC Heap History (10 events):
Event: 1.322 GC heap before
{Heap before GC invocations=6 (full 1):
 PSYoungGen      total 71680K, used 5094K [0x00000000d5c00000, 0x00000000df000000, 0x0000000100000000)
  eden space 66560K, 0% used [0x00000000d5c00000,0x00000000d5c00000,0x00000000d9d00000)
  from space 5120K, 99% used [0x00000000d9d00000,0x00000000da1f9bc0,0x00000000da200000)
  to   space 9216K, 0% used [0x00000000de700000,0x00000000de700000,0x00000000df000000)
 ParOldGen       total 87552K, used 5166K [0x0000000081400000, 0x0000000086980000, 0x00000000d5c00000)
  object space 87552K, 5% used [0x0000000081400000,0x000000008190bbe8,0x0000000086980000)
 Metaspace       used 20564K, capacity 21180K, committed 21296K, reserved 1067008K
  class space    used 2712K, capacity 2871K, committed 2944K, reserved 1048576K
Event: 1.344 GC heap after
Heap after GC invocations=6 (full 1):
 PSYoungGen      total 71680K, used 0K [0x00000000d5c00000, 0x00000000df000000, 0x0000000100000000)
  eden space 66560K, 0% used [0x00000000d5c00000,0x00000000d5c00000,0x00000000d9d00000)
  from space 5120K, 0% used [0x00000000d9d00000,0x00000000d9d00000,0x00000000da200000)
  to   space 9216K, 0% used [0x00000000de700000,0x00000000de700000,0x00000000df000000)
 ParOldGen       total 48640K, used 4963K [0x0000000081400000, 0x0000000084380000, 0x00000000d5c00000)
  object space 48640K, 10% used [0x0000000081400000,0x00000000818d8fd8,0x0000000084380000)
 Metaspace       used 20563K, capacity 21174K, committed 21296K, reserved 1067008K
  class space    used 2712K, capacity 2870K, committed 2944K, reserved 1048576K
}
Event: 2.185 GC heap before
{Heap before GC invocations=7 (full 1):
 PSYoungGen      total 71680K, used 66560K [0x00000000d5c00000, 0x00000000df000000, 0x0000000100000000)
  eden space 66560K, 100% used [0x00000000d5c00000,0x00000000d9d00000,0x00000000d9d00000)
  from space 5120K, 0% used [0x00000000d9d00000,0x00000000d9d00000,0x00000000da200000)
  to   space 9216K, 0% used [0x00000000de700000,0x00000000de700000,0x00000000df000000)
 ParOldGen       total 48640K, used 4963K [0x0000000081400000, 0x0000000084380000, 0x00000000d5c00000)
  object space 48640K, 10% used [0x0000000081400000,0x00000000818d8fd8,0x0000000084380000)
 Metaspace       used 24799K, capacity 25730K, committed 25856K, reserved 1071104K
  class space    used 3253K, capacity 3470K, committed 3584K, reserved 1048576K
Event: 2.193 GC heap after
Heap after GC invocations=7 (full 1):
 PSYoungGen      total 124928K, used 7049K [0x00000000d5c00000, 0x00000000dee00000, 0x0000000100000000)
  eden space 117760K, 0% used [0x00000000d5c00000,0x00000000d5c00000,0x00000000dcf00000)
  from space 7168K, 98% used [0x00000000de700000,0x00000000dede2600,0x00000000dee00000)
  to   space 9216K, 0% used [0x00000000ddc00000,0x00000000ddc00000,0x00000000de500000)
 ParOldGen       total 48640K, used 4971K [0x0000000081400000, 0x0000000084380000, 0x00000000d5c00000)
  object space 48640K, 10% used [0x0000000081400000,0x00000000818dafd8,0x0000000084380000)
 Metaspace       used 24799K, capacity 25730K, committed 25856K, reserved 1071104K
  class space    used 3253K, capacity 3470K, committed 3584K, reserved 1048576K
}
Event: 3.501 GC heap before
{Heap before GC invocations=8 (full 1):
 PSYoungGen      total 124928K, used 113440K [0x00000000d5c00000, 0x00000000dee00000, 0x0000000100000000)
  eden space 117760K, 90% used [0x00000000d5c00000,0x00000000dc3e5a40,0x00000000dcf00000)
  from space 7168K, 98% used [0x00000000de700000,0x00000000dede2600,0x00000000dee00000)
  to   space 9216K, 0% used [0x00000000ddc00000,0x00000000ddc00000,0x00000000de500000)
 ParOldGen       total 48640K, used 4971K [0x0000000081400000, 0x0000000084380000, 0x00000000d5c00000)
  object space 48640K, 10% used [0x0000000081400000,0x00000000818dafd8,0x0000000084380000)
 Metaspace       used 33819K, capacity 35380K, committed 35496K, reserved 1079296K
  class space    used 4473K, capacity 4779K, committed 4864K, reserved 1048576K
Event: 3.519 GC heap after
Heap after GC invocations=8 (full 1):
 PSYoungGen      total 140288K, used 9206K [0x00000000d5c00000, 0x00000000e3980000, 0x0000000100000000)
  eden space 131072K, 0% used [0x00000000d5c00000,0x00000000d5c00000,0x00000000ddc00000)
  from space 9216K, 99% used [0x00000000ddc00000,0x00000000de4fd980,0x00000000de500000)
  to   space 11776K, 0% used [0x00000000e2e00000,0x00000000e2e00000,0x00000000e3980000)
 ParOldGen       total 48640K, used 7806K [0x0000000081400000, 0x0000000084380000, 0x00000000d5c00000)
  object space 48640K, 16% used [0x0000000081400000,0x0000000081b9f878,0x0000000084380000)
 Metaspace       used 33819K, capacity 35380K, committed 35496K, reserved 1079296K
  class space    used 4473K, capacity 4779K, committed 4864K, reserved 1048576K
}
Event: 3.519 GC heap before
{Heap before GC invocations=9 (full 2):
 PSYoungGen      total 140288K, used 9206K [0x00000000d5c00000, 0x00000000e3980000, 0x0000000100000000)
  eden space 131072K, 0% used [0x00000000d5c00000,0x00000000d5c00000,0x00000000ddc00000)
  from space 9216K, 99% used [0x00000000ddc00000,0x00000000de4fd980,0x00000000de500000)
  to   space 11776K, 0% used [0x00000000e2e00000,0x00000000e2e00000,0x00000000e3980000)
 ParOldGen       total 48640K, used 7806K [0x0000000081400000, 0x0000000084380000, 0x00000000d5c00000)
  object space 48640K, 16% used [0x0000000081400000,0x0000000081b9f878,0x0000000084380000)
 Metaspace       used 33819K, capacity 35380K, committed 35496K, reserved 1079296K
  class space    used 4473K, capacity 4779K, committed 4864K, reserved 1048576K
Event: 3.608 GC heap after
Heap after GC invocations=9 (full 2):
 PSYoungGen      total 140288K, used 0K [0x00000000d5c00000, 0x00000000e3980000, 0x0000000100000000)
  eden space 131072K, 0% used [0x00000000d5c00000,0x00000000d5c00000,0x00000000ddc00000)
  from space 9216K, 0% used [0x00000000ddc00000,0x00000000ddc00000,0x00000000de500000)
  to   space 11776K, 0% used [0x00000000e2e00000,0x00000000e2e00000,0x00000000e3980000)
 ParOldGen       total 75776K, used 15868K [0x0000000081400000, 0x0000000085e00000, 0x00000000d5c00000)
  object space 75776K, 20% used [0x0000000081400000,0x000000008237f000,0x0000000085e00000)
 Metaspace       used 33819K, capacity 35380K, committed 35496K, reserved 1079296K
  class space    used 4473K, capacity 4779K, committed 4864K, reserved 1048576K
}
Event: 5.897 GC heap before
{Heap before GC invocations=10 (full 2):
 PSYoungGen      total 140288K, used 131072K [0x00000000d5c00000, 0x00000000e3980000, 0x0000000100000000)
  eden space 131072K, 100% used [0x00000000d5c00000,0x00000000ddc00000,0x00000000ddc00000)
  from space 9216K, 0% used [0x00000000ddc00000,0x00000000ddc00000,0x00000000de500000)
  to   space 11776K, 0% used [0x00000000e2e00000,0x00000000e2e00000,0x00000000e3980000)
 ParOldGen       total 75776K, used 15868K [0x0000000081400000, 0x0000000085e00000, 0x00000000d5c00000)
  object space 75776K, 20% used [0x0000000081400000,0x000000008237f000,0x0000000085e00000)
 Metaspace       used 51260K, capacity 53362K, committed 53632K, reserved 1095680K
  class space    used 7102K, capacity 7470K, committed 7552K, reserved 1048576K
Event: 5.918 GC heap after
Heap after GC invocations=10 (full 2):
 PSYoungGen      total 210432K, used 11771K [0x00000000d5c00000, 0x00000000e4280000, 0x0000000100000000)
  eden space 198656K, 0% used [0x00000000d5c00000,0x00000000d5c00000,0x00000000e1e00000)
  from space 11776K, 99% used [0x00000000e2e00000,0x00000000e397edb0,0x00000000e3980000)
  to   space 16384K, 0% used [0x00000000e1e00000,0x00000000e1e00000,0x00000000e2e00000)
 ParOldGen       total 75776K, used 23135K [0x0000000081400000, 0x0000000085e00000, 0x00000000d5c00000)
  object space 75776K, 30% used [0x0000000081400000,0x0000000082a97f08,0x0000000085e00000)
 Metaspace       used 51260K, capacity 53362K, committed 53632K, reserved 1095680K
  class space    used 7102K, capacity 7470K, committed 7552K, reserved 1048576K
}

